[2023-02-10 11:11:20,518] pyhamilton.interface INFO starting a Hamilton interface
[2023-02-10 11:11:20,518] pyhamilton.interface INFO started the oem application for simulation
[2023-02-10 11:11:20,518] pyhamilton.interface INFO started the server thread
[2023-02-10 11:11:38,580] pyhamilton.interface INFO sending end run command to simulator
[2023-02-10 11:11:40,080] pyhamilton.interface ERROR HamiltonTimeoutError('Timed out after 1.5 sec while waiting for response id 0x0')
[2023-02-10 11:11:40,081] pyhamilton.interface INFO disconnected from server
[2023-02-10 11:11:40,181] pyhamilton.interface INFO server did not exit yet, sending dummy request to exit its loop
[2023-02-10 11:11:40,215] pyhamilton.interface INFO dummy get request sent to server
[2023-02-10 11:11:40,215] pyhamilton.interface INFO server thread exited
[2023-02-10 11:13:51,193] pyhamilton.interface INFO starting a Hamilton interface
[2023-02-10 11:13:51,193] pyhamilton.interface INFO started the oem application for simulation
[2023-02-10 11:13:51,193] pyhamilton.interface INFO started the server thread
[2023-02-10 11:14:06,210] pyhamilton.interface INFO sending end run command to simulator
[2023-02-10 11:14:07,710] pyhamilton.interface ERROR HamiltonTimeoutError('Timed out after 1.5 sec while waiting for response id 0x0')
[2023-02-10 11:14:07,710] pyhamilton.interface INFO disconnected from server
[2023-02-10 11:14:07,812] pyhamilton.interface INFO server did not exit yet, sending dummy request to exit its loop
[2023-02-10 11:14:07,816] pyhamilton.interface INFO dummy get request sent to server
[2023-02-10 11:14:07,816] pyhamilton.interface INFO server thread exited
[2023-02-10 11:14:44,987] pyhamilton.interface INFO starting a Hamilton interface
[2023-02-10 11:14:44,988] pyhamilton.interface INFO started the oem application for simulation
[2023-02-10 11:14:44,988] pyhamilton.interface INFO started the server thread
[2023-02-10 11:15:02,004] pyhamilton.interface INFO sending end run command to simulator
[2023-02-10 11:15:03,505] pyhamilton.interface ERROR HamiltonTimeoutError('Timed out after 1.5 sec while waiting for response id 0x0')
[2023-02-10 11:15:03,505] pyhamilton.interface INFO disconnected from server
[2023-02-10 11:15:03,606] pyhamilton.interface INFO server did not exit yet, sending dummy request to exit its loop
[2023-02-10 11:15:03,610] pyhamilton.interface INFO dummy get request sent to server
[2023-02-10 11:15:03,611] pyhamilton.interface INFO server thread exited
[2023-02-10 11:16:14,133] pyhamilton.interface INFO starting a Hamilton interface
[2023-02-10 11:16:14,133] pyhamilton.interface INFO started the oem application for simulation
[2023-02-10 11:16:14,133] pyhamilton.interface INFO started the server thread
[2023-02-10 11:16:32,149] pyhamilton.interface INFO sending end run command to simulator
[2023-02-10 11:16:33,651] pyhamilton.interface ERROR HamiltonTimeoutError('Timed out after 1.5 sec while waiting for response id 0x0')
[2023-02-10 11:16:33,651] pyhamilton.interface INFO disconnected from server
[2023-02-10 11:16:33,752] pyhamilton.interface INFO server did not exit yet, sending dummy request to exit its loop
[2023-02-10 11:16:33,768] pyhamilton.interface INFO dummy get request sent to server
[2023-02-10 11:16:33,768] pyhamilton.interface INFO server thread exited
[2023-02-10 11:17:09,283] pyhamilton.interface INFO starting a Hamilton interface
[2023-02-10 11:17:09,283] pyhamilton.interface INFO started the oem application for simulation
[2023-02-10 11:17:09,283] pyhamilton.interface INFO started the server thread
[2023-02-10 11:17:30,300] pyhamilton.interface INFO sending end run command to simulator
[2023-02-10 11:17:31,801] pyhamilton.interface ERROR HamiltonTimeoutError('Timed out after 1.5 sec while waiting for response id 0x0')
[2023-02-10 11:17:31,801] pyhamilton.interface INFO disconnected from server
[2023-02-10 11:17:31,903] pyhamilton.interface INFO server did not exit yet, sending dummy request to exit its loop
[2023-02-10 11:17:31,913] pyhamilton.interface INFO dummy get request sent to server
[2023-02-10 11:17:31,913] pyhamilton.interface INFO server thread exited
