[2023-02-10 11:11:20,517] root INFO ######################################################################
[2023-02-10 11:11:20,517] root INFO #                                                                    #
[2023-02-10 11:11:20,517] root INFO #     Begin execution of C:\Users\stefa\HiG_Test\robot_method.py     #
[2023-02-10 11:11:20,517] root INFO #                                                                    #
[2023-02-10 11:11:20,517] root INFO ######################################################################
[2023-02-10 11:11:20,518] pyhamilton.interface INFO starting a Hamilton interface
[2023-02-10 11:11:20,518] pyhamilton.interface INFO started the oem application for simulation
[2023-02-10 11:11:20,518] pyhamilton.interface INFO started the server thread
[2023-02-10 11:11:20,519] root INFO initialize: synchronously initialize the robot
[2023-02-10 11:11:36,544] parse DEBUG format '{numField:d},{mainErrField:d},{slaveErr:d},{recoveryBtnId:d},{stepData},{labwareName:w},{labwarePos}' -> '(?P<numField>[-+ ]?\\d+|[-+ ]?0[xX][0-9a-fA-F]+|[-+ ]?0[bB][01]+|[-+ ]?0[oO][0-7]+),(?P<mainErrField>[-+ ]?\\d+|[-+ ]?0[xX][0-9a-fA-F]+|[-+ ]?0[bB][01]+|[-+ ]?0[oO][0-7]+),(?P<slaveErr>[-+ ]?\\d+|[-+ ]?0[xX][0-9a-fA-F]+|[-+ ]?0[bB][01]+|[-+ ]?0[oO][0-7]+),(?P<recoveryBtnId>[-+ ]?\\d+|[-+ ]?0[xX][0-9a-fA-F]+|[-+ ]?0[bB][01]+|[-+ ]?0[oO][0-7]+),(?P<stepData>.+?),(?P<labwareName>\\w+),(?P<labwarePos>.+?)'
[2023-02-10 11:11:36,547] parse DEBUG format '{numField:d},{mainErrField:d},{slaveErr:d},{recoveryBtnId:d},{stepData},{labwareName:w},{labwarePos}' -> '(?P<numField>[-+ ]?\\d+|[-+ ]?0[xX][0-9a-fA-F]+|[-+ ]?0[bB][01]+|[-+ ]?0[oO][0-7]+),(?P<mainErrField>[-+ ]?\\d+|[-+ ]?0[xX][0-9a-fA-F]+|[-+ ]?0[bB][01]+|[-+ ]?0[oO][0-7]+),(?P<slaveErr>[-+ ]?\\d+|[-+ ]?0[xX][0-9a-fA-F]+|[-+ ]?0[bB][01]+|[-+ ]?0[oO][0-7]+),(?P<recoveryBtnId>[-+ ]?\\d+|[-+ ]?0[xX][0-9a-fA-F]+|[-+ ]?0[bB][01]+|[-+ ]?0[oO][0-7]+),(?P<stepData>.+?),(?P<labwareName>\\w+),(?P<labwarePos>.+?)'
[2023-02-10 11:11:36,547] parse DEBUG format '{numField:d},{mainErrField:d},{slaveErr:d},{recoveryBtnId:d},{stepData},{labwareName:w},{labwarePos}' -> '(?P<numField>[-+ ]?\\d+|[-+ ]?0[xX][0-9a-fA-F]+|[-+ ]?0[bB][01]+|[-+ ]?0[oO][0-7]+),(?P<mainErrField>[-+ ]?\\d+|[-+ ]?0[xX][0-9a-fA-F]+|[-+ ]?0[bB][01]+|[-+ ]?0[oO][0-7]+),(?P<slaveErr>[-+ ]?\\d+|[-+ ]?0[xX][0-9a-fA-F]+|[-+ ]?0[bB][01]+|[-+ ]?0[oO][0-7]+),(?P<recoveryBtnId>[-+ ]?\\d+|[-+ ]?0[xX][0-9a-fA-F]+|[-+ ]?0[bB][01]+|[-+ ]?0[oO][0-7]+),(?P<stepData>.+?),(?P<labwareName>\\w+),(?P<labwarePos>.+?)'
[2023-02-10 11:11:36,547] parse DEBUG format '{numField:d},{mainErrField:d},{slaveErr:d},{recoveryBtnId:d},{stepData},{labwareName:w},{labwarePos}' -> '(?P<numField>[-+ ]?\\d+|[-+ ]?0[xX][0-9a-fA-F]+|[-+ ]?0[bB][01]+|[-+ ]?0[oO][0-7]+),(?P<mainErrField>[-+ ]?\\d+|[-+ ]?0[xX][0-9a-fA-F]+|[-+ ]?0[bB][01]+|[-+ ]?0[oO][0-7]+),(?P<slaveErr>[-+ ]?\\d+|[-+ ]?0[xX][0-9a-fA-F]+|[-+ ]?0[bB][01]+|[-+ ]?0[oO][0-7]+),(?P<recoveryBtnId>[-+ ]?\\d+|[-+ ]?0[xX][0-9a-fA-F]+|[-+ ]?0[bB][01]+|[-+ ]?0[oO][0-7]+),(?P<stepData>.+?),(?P<labwareName>\\w+),(?P<labwarePos>.+?)'
[2023-02-10 11:11:36,548] parse DEBUG format '{numField:d},{mainErrField:d},{slaveErr:d},{recoveryBtnId:d},{stepData},{labwareName:w},{labwarePos}' -> '(?P<numField>[-+ ]?\\d+|[-+ ]?0[xX][0-9a-fA-F]+|[-+ ]?0[bB][01]+|[-+ ]?0[oO][0-7]+),(?P<mainErrField>[-+ ]?\\d+|[-+ ]?0[xX][0-9a-fA-F]+|[-+ ]?0[bB][01]+|[-+ ]?0[oO][0-7]+),(?P<slaveErr>[-+ ]?\\d+|[-+ ]?0[xX][0-9a-fA-F]+|[-+ ]?0[bB][01]+|[-+ ]?0[oO][0-7]+),(?P<recoveryBtnId>[-+ ]?\\d+|[-+ ]?0[xX][0-9a-fA-F]+|[-+ ]?0[bB][01]+|[-+ ]?0[oO][0-7]+),(?P<stepData>.+?),(?P<labwareName>\\w+),(?P<labwarePos>.+?)'
[2023-02-10 11:11:36,548] parse DEBUG format '{numField:d},{mainErrField:d},{slaveErr:d},{recoveryBtnId:d},{stepData},{labwareName:w},{labwarePos}' -> '(?P<numField>[-+ ]?\\d+|[-+ ]?0[xX][0-9a-fA-F]+|[-+ ]?0[bB][01]+|[-+ ]?0[oO][0-7]+),(?P<mainErrField>[-+ ]?\\d+|[-+ ]?0[xX][0-9a-fA-F]+|[-+ ]?0[bB][01]+|[-+ ]?0[oO][0-7]+),(?P<slaveErr>[-+ ]?\\d+|[-+ ]?0[xX][0-9a-fA-F]+|[-+ ]?0[bB][01]+|[-+ ]?0[oO][0-7]+),(?P<recoveryBtnId>[-+ ]?\\d+|[-+ ]?0[xX][0-9a-fA-F]+|[-+ ]?0[bB][01]+|[-+ ]?0[oO][0-7]+),(?P<stepData>.+?),(?P<labwareName>\\w+),(?P<labwarePos>.+?)'
[2023-02-10 11:11:36,548] parse DEBUG format '{numField:d},{mainErrField:d},{slaveErr:d},{recoveryBtnId:d},{stepData},{labwareName:w},{labwarePos}' -> '(?P<numField>[-+ ]?\\d+|[-+ ]?0[xX][0-9a-fA-F]+|[-+ ]?0[bB][01]+|[-+ ]?0[oO][0-7]+),(?P<mainErrField>[-+ ]?\\d+|[-+ ]?0[xX][0-9a-fA-F]+|[-+ ]?0[bB][01]+|[-+ ]?0[oO][0-7]+),(?P<slaveErr>[-+ ]?\\d+|[-+ ]?0[xX][0-9a-fA-F]+|[-+ ]?0[bB][01]+|[-+ ]?0[oO][0-7]+),(?P<recoveryBtnId>[-+ ]?\\d+|[-+ ]?0[xX][0-9a-fA-F]+|[-+ ]?0[bB][01]+|[-+ ]?0[oO][0-7]+),(?P<stepData>.+?),(?P<labwareName>\\w+),(?P<labwarePos>.+?)'
[2023-02-10 11:11:36,549] parse DEBUG format '{numField:d},{mainErrField:d},{slaveErr:d},{recoveryBtnId:d},{stepData},{labwareName:w},{labwarePos}' -> '(?P<numField>[-+ ]?\\d+|[-+ ]?0[xX][0-9a-fA-F]+|[-+ ]?0[bB][01]+|[-+ ]?0[oO][0-7]+),(?P<mainErrField>[-+ ]?\\d+|[-+ ]?0[xX][0-9a-fA-F]+|[-+ ]?0[bB][01]+|[-+ ]?0[oO][0-7]+),(?P<slaveErr>[-+ ]?\\d+|[-+ ]?0[xX][0-9a-fA-F]+|[-+ ]?0[bB][01]+|[-+ ]?0[oO][0-7]+),(?P<recoveryBtnId>[-+ ]?\\d+|[-+ ]?0[xX][0-9a-fA-F]+|[-+ ]?0[bB][01]+|[-+ ]?0[oO][0-7]+),(?P<stepData>.+?),(?P<labwareName>\\w+),(?P<labwarePos>.+?)'
[2023-02-10 11:11:38,580] pyhamilton.interface INFO sending end run command to simulator
[2023-02-10 11:11:40,080] pyhamilton.interface ERROR HamiltonTimeoutError('Timed out after 1.5 sec while waiting for response id 0x0')
[2023-02-10 11:11:40,081] pyhamilton.interface INFO disconnected from server
[2023-02-10 11:11:40,181] pyhamilton.interface INFO server did not exit yet, sending dummy request to exit its loop
[2023-02-10 11:11:40,181] urllib3.util.retry DEBUG Converted retries value: 20 -> Retry(total=20, connect=None, read=None, redirect=None, status=None)
[2023-02-10 11:11:40,213] urllib3.connectionpool DEBUG Starting new HTTP connection (1): 127.0.0.1:3221
[2023-02-10 11:11:40,215] urllib3.connectionpool DEBUG http://127.0.0.1:3221 "GET / HTTP/1.1" 200 None
[2023-02-10 11:11:40,215] pyhamilton.interface INFO dummy get request sent to server
[2023-02-10 11:11:40,215] pyhamilton.interface INFO server thread exited
[2023-02-10 11:13:51,192] root INFO ######################################################################
[2023-02-10 11:13:51,192] root INFO #                                                                    #
[2023-02-10 11:13:51,192] root INFO #     Begin execution of C:\Users\stefa\HiG_Test\robot_method.py     #
[2023-02-10 11:13:51,192] root INFO #                                                                    #
[2023-02-10 11:13:51,192] root INFO ######################################################################
[2023-02-10 11:13:51,193] pyhamilton.interface INFO starting a Hamilton interface
[2023-02-10 11:13:51,193] pyhamilton.interface INFO started the oem application for simulation
[2023-02-10 11:13:51,193] pyhamilton.interface INFO started the server thread
[2023-02-10 11:13:51,193] root INFO initialize: synchronously initialize the robot
[2023-02-10 11:14:03,200] parse DEBUG format '{numField:d},{mainErrField:d},{slaveErr:d},{recoveryBtnId:d},{stepData},{labwareName:w},{labwarePos}' -> '(?P<numField>[-+ ]?\\d+|[-+ ]?0[xX][0-9a-fA-F]+|[-+ ]?0[bB][01]+|[-+ ]?0[oO][0-7]+),(?P<mainErrField>[-+ ]?\\d+|[-+ ]?0[xX][0-9a-fA-F]+|[-+ ]?0[bB][01]+|[-+ ]?0[oO][0-7]+),(?P<slaveErr>[-+ ]?\\d+|[-+ ]?0[xX][0-9a-fA-F]+|[-+ ]?0[bB][01]+|[-+ ]?0[oO][0-7]+),(?P<recoveryBtnId>[-+ ]?\\d+|[-+ ]?0[xX][0-9a-fA-F]+|[-+ ]?0[bB][01]+|[-+ ]?0[oO][0-7]+),(?P<stepData>.+?),(?P<labwareName>\\w+),(?P<labwarePos>.+?)'
[2023-02-10 11:14:03,202] parse DEBUG format '{numField:d},{mainErrField:d},{slaveErr:d},{recoveryBtnId:d},{stepData},{labwareName:w},{labwarePos}' -> '(?P<numField>[-+ ]?\\d+|[-+ ]?0[xX][0-9a-fA-F]+|[-+ ]?0[bB][01]+|[-+ ]?0[oO][0-7]+),(?P<mainErrField>[-+ ]?\\d+|[-+ ]?0[xX][0-9a-fA-F]+|[-+ ]?0[bB][01]+|[-+ ]?0[oO][0-7]+),(?P<slaveErr>[-+ ]?\\d+|[-+ ]?0[xX][0-9a-fA-F]+|[-+ ]?0[bB][01]+|[-+ ]?0[oO][0-7]+),(?P<recoveryBtnId>[-+ ]?\\d+|[-+ ]?0[xX][0-9a-fA-F]+|[-+ ]?0[bB][01]+|[-+ ]?0[oO][0-7]+),(?P<stepData>.+?),(?P<labwareName>\\w+),(?P<labwarePos>.+?)'
[2023-02-10 11:14:03,202] parse DEBUG format '{numField:d},{mainErrField:d},{slaveErr:d},{recoveryBtnId:d},{stepData},{labwareName:w},{labwarePos}' -> '(?P<numField>[-+ ]?\\d+|[-+ ]?0[xX][0-9a-fA-F]+|[-+ ]?0[bB][01]+|[-+ ]?0[oO][0-7]+),(?P<mainErrField>[-+ ]?\\d+|[-+ ]?0[xX][0-9a-fA-F]+|[-+ ]?0[bB][01]+|[-+ ]?0[oO][0-7]+),(?P<slaveErr>[-+ ]?\\d+|[-+ ]?0[xX][0-9a-fA-F]+|[-+ ]?0[bB][01]+|[-+ ]?0[oO][0-7]+),(?P<recoveryBtnId>[-+ ]?\\d+|[-+ ]?0[xX][0-9a-fA-F]+|[-+ ]?0[bB][01]+|[-+ ]?0[oO][0-7]+),(?P<stepData>.+?),(?P<labwareName>\\w+),(?P<labwarePos>.+?)'
[2023-02-10 11:14:03,203] parse DEBUG format '{numField:d},{mainErrField:d},{slaveErr:d},{recoveryBtnId:d},{stepData},{labwareName:w},{labwarePos}' -> '(?P<numField>[-+ ]?\\d+|[-+ ]?0[xX][0-9a-fA-F]+|[-+ ]?0[bB][01]+|[-+ ]?0[oO][0-7]+),(?P<mainErrField>[-+ ]?\\d+|[-+ ]?0[xX][0-9a-fA-F]+|[-+ ]?0[bB][01]+|[-+ ]?0[oO][0-7]+),(?P<slaveErr>[-+ ]?\\d+|[-+ ]?0[xX][0-9a-fA-F]+|[-+ ]?0[bB][01]+|[-+ ]?0[oO][0-7]+),(?P<recoveryBtnId>[-+ ]?\\d+|[-+ ]?0[xX][0-9a-fA-F]+|[-+ ]?0[bB][01]+|[-+ ]?0[oO][0-7]+),(?P<stepData>.+?),(?P<labwareName>\\w+),(?P<labwarePos>.+?)'
[2023-02-10 11:14:03,203] parse DEBUG format '{numField:d},{mainErrField:d},{slaveErr:d},{recoveryBtnId:d},{stepData},{labwareName:w},{labwarePos}' -> '(?P<numField>[-+ ]?\\d+|[-+ ]?0[xX][0-9a-fA-F]+|[-+ ]?0[bB][01]+|[-+ ]?0[oO][0-7]+),(?P<mainErrField>[-+ ]?\\d+|[-+ ]?0[xX][0-9a-fA-F]+|[-+ ]?0[bB][01]+|[-+ ]?0[oO][0-7]+),(?P<slaveErr>[-+ ]?\\d+|[-+ ]?0[xX][0-9a-fA-F]+|[-+ ]?0[bB][01]+|[-+ ]?0[oO][0-7]+),(?P<recoveryBtnId>[-+ ]?\\d+|[-+ ]?0[xX][0-9a-fA-F]+|[-+ ]?0[bB][01]+|[-+ ]?0[oO][0-7]+),(?P<stepData>.+?),(?P<labwareName>\\w+),(?P<labwarePos>.+?)'
[2023-02-10 11:14:03,203] parse DEBUG format '{numField:d},{mainErrField:d},{slaveErr:d},{recoveryBtnId:d},{stepData},{labwareName:w},{labwarePos}' -> '(?P<numField>[-+ ]?\\d+|[-+ ]?0[xX][0-9a-fA-F]+|[-+ ]?0[bB][01]+|[-+ ]?0[oO][0-7]+),(?P<mainErrField>[-+ ]?\\d+|[-+ ]?0[xX][0-9a-fA-F]+|[-+ ]?0[bB][01]+|[-+ ]?0[oO][0-7]+),(?P<slaveErr>[-+ ]?\\d+|[-+ ]?0[xX][0-9a-fA-F]+|[-+ ]?0[bB][01]+|[-+ ]?0[oO][0-7]+),(?P<recoveryBtnId>[-+ ]?\\d+|[-+ ]?0[xX][0-9a-fA-F]+|[-+ ]?0[bB][01]+|[-+ ]?0[oO][0-7]+),(?P<stepData>.+?),(?P<labwareName>\\w+),(?P<labwarePos>.+?)'
[2023-02-10 11:14:03,203] parse DEBUG format '{numField:d},{mainErrField:d},{slaveErr:d},{recoveryBtnId:d},{stepData},{labwareName:w},{labwarePos}' -> '(?P<numField>[-+ ]?\\d+|[-+ ]?0[xX][0-9a-fA-F]+|[-+ ]?0[bB][01]+|[-+ ]?0[oO][0-7]+),(?P<mainErrField>[-+ ]?\\d+|[-+ ]?0[xX][0-9a-fA-F]+|[-+ ]?0[bB][01]+|[-+ ]?0[oO][0-7]+),(?P<slaveErr>[-+ ]?\\d+|[-+ ]?0[xX][0-9a-fA-F]+|[-+ ]?0[bB][01]+|[-+ ]?0[oO][0-7]+),(?P<recoveryBtnId>[-+ ]?\\d+|[-+ ]?0[xX][0-9a-fA-F]+|[-+ ]?0[bB][01]+|[-+ ]?0[oO][0-7]+),(?P<stepData>.+?),(?P<labwareName>\\w+),(?P<labwarePos>.+?)'
[2023-02-10 11:14:03,203] parse DEBUG format '{numField:d},{mainErrField:d},{slaveErr:d},{recoveryBtnId:d},{stepData},{labwareName:w},{labwarePos}' -> '(?P<numField>[-+ ]?\\d+|[-+ ]?0[xX][0-9a-fA-F]+|[-+ ]?0[bB][01]+|[-+ ]?0[oO][0-7]+),(?P<mainErrField>[-+ ]?\\d+|[-+ ]?0[xX][0-9a-fA-F]+|[-+ ]?0[bB][01]+|[-+ ]?0[oO][0-7]+),(?P<slaveErr>[-+ ]?\\d+|[-+ ]?0[xX][0-9a-fA-F]+|[-+ ]?0[bB][01]+|[-+ ]?0[oO][0-7]+),(?P<recoveryBtnId>[-+ ]?\\d+|[-+ ]?0[xX][0-9a-fA-F]+|[-+ ]?0[bB][01]+|[-+ ]?0[oO][0-7]+),(?P<stepData>.+?),(?P<labwareName>\\w+),(?P<labwarePos>.+?)'
[2023-02-10 11:14:06,210] pyhamilton.interface INFO sending end run command to simulator
[2023-02-10 11:14:07,710] pyhamilton.interface ERROR HamiltonTimeoutError('Timed out after 1.5 sec while waiting for response id 0x0')
[2023-02-10 11:14:07,710] pyhamilton.interface INFO disconnected from server
[2023-02-10 11:14:07,812] pyhamilton.interface INFO server did not exit yet, sending dummy request to exit its loop
[2023-02-10 11:14:07,812] urllib3.util.retry DEBUG Converted retries value: 20 -> Retry(total=20, connect=None, read=None, redirect=None, status=None)
[2023-02-10 11:14:07,815] urllib3.connectionpool DEBUG Starting new HTTP connection (1): 127.0.0.1:3221
[2023-02-10 11:14:07,815] urllib3.connectionpool DEBUG http://127.0.0.1:3221 "GET / HTTP/1.1" 200 None
[2023-02-10 11:14:07,816] pyhamilton.interface INFO dummy get request sent to server
[2023-02-10 11:14:07,816] pyhamilton.interface INFO server thread exited
[2023-02-10 11:14:07,817] root ERROR Traceback (most recent call last):
[2023-02-10 11:14:07,817] root ERROR   File "C:\Users\stefa\HiG_Test\robot_method.py", line 28, in <module>
[2023-02-10 11:14:07,818] root ERROR hig_open_shield(ham_int, bucket_index = 1)
[2023-02-10 11:14:07,819] root ERROR   File "c:\users\stefa\pyhamilton\pyhamilton\hig_wrappers.py", line 55, in hig_open_shield
[2023-02-10 11:14:07,819] root ERROR result = response.return_data[0]
[2023-02-10 11:14:07,820] root ERROR ~
[2023-02-10 11:14:07,820] root ERROR ~
[2023-02-10 11:14:07,820] root ERROR ~
[2023-02-10 11:14:07,820] root ERROR ~
[2023-02-10 11:14:07,821] root ERROR ~
[2023-02-10 11:14:07,821] root ERROR ~
[2023-02-10 11:14:07,821] root ERROR ~
[2023-02-10 11:14:07,821] root ERROR ~
[2023-02-10 11:14:07,821] root ERROR ~
[2023-02-10 11:14:07,821] root ERROR ~
[2023-02-10 11:14:07,821] root ERROR ~
[2023-02-10 11:14:07,821] root ERROR ~
[2023-02-10 11:14:07,821] root ERROR ~
[2023-02-10 11:14:07,821] root ERROR ~
[2023-02-10 11:14:07,821] root ERROR ~
[2023-02-10 11:14:07,821] root ERROR ~
[2023-02-10 11:14:07,821] root ERROR ~
[2023-02-10 11:14:07,821] root ERROR ~
[2023-02-10 11:14:07,821] root ERROR ~
[2023-02-10 11:14:07,821] root ERROR ~
[2023-02-10 11:14:07,821] root ERROR ^
[2023-02-10 11:14:07,821] root ERROR ^
[2023-02-10 11:14:07,821] root ERROR ^
[2023-02-10 11:14:07,821] root ERROR IndexError
[2023-02-10 11:14:07,821] root ERROR : 
[2023-02-10 11:14:07,821] root ERROR list index out of range
[2023-02-10 11:14:44,987] root INFO ######################################################################
[2023-02-10 11:14:44,987] root INFO #                                                                    #
[2023-02-10 11:14:44,987] root INFO #     Begin execution of C:\Users\stefa\HiG_Test\robot_method.py     #
[2023-02-10 11:14:44,987] root INFO #                                                                    #
[2023-02-10 11:14:44,987] root INFO ######################################################################
[2023-02-10 11:14:44,987] pyhamilton.interface INFO starting a Hamilton interface
[2023-02-10 11:14:44,988] pyhamilton.interface INFO started the oem application for simulation
[2023-02-10 11:14:44,988] pyhamilton.interface INFO started the server thread
[2023-02-10 11:14:44,988] root INFO initialize: synchronously initialize the robot
[2023-02-10 11:14:56,997] parse DEBUG format '{numField:d},{mainErrField:d},{slaveErr:d},{recoveryBtnId:d},{stepData},{labwareName:w},{labwarePos}' -> '(?P<numField>[-+ ]?\\d+|[-+ ]?0[xX][0-9a-fA-F]+|[-+ ]?0[bB][01]+|[-+ ]?0[oO][0-7]+),(?P<mainErrField>[-+ ]?\\d+|[-+ ]?0[xX][0-9a-fA-F]+|[-+ ]?0[bB][01]+|[-+ ]?0[oO][0-7]+),(?P<slaveErr>[-+ ]?\\d+|[-+ ]?0[xX][0-9a-fA-F]+|[-+ ]?0[bB][01]+|[-+ ]?0[oO][0-7]+),(?P<recoveryBtnId>[-+ ]?\\d+|[-+ ]?0[xX][0-9a-fA-F]+|[-+ ]?0[bB][01]+|[-+ ]?0[oO][0-7]+),(?P<stepData>.+?),(?P<labwareName>\\w+),(?P<labwarePos>.+?)'
[2023-02-10 11:14:56,999] parse DEBUG format '{numField:d},{mainErrField:d},{slaveErr:d},{recoveryBtnId:d},{stepData},{labwareName:w},{labwarePos}' -> '(?P<numField>[-+ ]?\\d+|[-+ ]?0[xX][0-9a-fA-F]+|[-+ ]?0[bB][01]+|[-+ ]?0[oO][0-7]+),(?P<mainErrField>[-+ ]?\\d+|[-+ ]?0[xX][0-9a-fA-F]+|[-+ ]?0[bB][01]+|[-+ ]?0[oO][0-7]+),(?P<slaveErr>[-+ ]?\\d+|[-+ ]?0[xX][0-9a-fA-F]+|[-+ ]?0[bB][01]+|[-+ ]?0[oO][0-7]+),(?P<recoveryBtnId>[-+ ]?\\d+|[-+ ]?0[xX][0-9a-fA-F]+|[-+ ]?0[bB][01]+|[-+ ]?0[oO][0-7]+),(?P<stepData>.+?),(?P<labwareName>\\w+),(?P<labwarePos>.+?)'
[2023-02-10 11:14:56,999] parse DEBUG format '{numField:d},{mainErrField:d},{slaveErr:d},{recoveryBtnId:d},{stepData},{labwareName:w},{labwarePos}' -> '(?P<numField>[-+ ]?\\d+|[-+ ]?0[xX][0-9a-fA-F]+|[-+ ]?0[bB][01]+|[-+ ]?0[oO][0-7]+),(?P<mainErrField>[-+ ]?\\d+|[-+ ]?0[xX][0-9a-fA-F]+|[-+ ]?0[bB][01]+|[-+ ]?0[oO][0-7]+),(?P<slaveErr>[-+ ]?\\d+|[-+ ]?0[xX][0-9a-fA-F]+|[-+ ]?0[bB][01]+|[-+ ]?0[oO][0-7]+),(?P<recoveryBtnId>[-+ ]?\\d+|[-+ ]?0[xX][0-9a-fA-F]+|[-+ ]?0[bB][01]+|[-+ ]?0[oO][0-7]+),(?P<stepData>.+?),(?P<labwareName>\\w+),(?P<labwarePos>.+?)'
[2023-02-10 11:14:56,999] parse DEBUG format '{numField:d},{mainErrField:d},{slaveErr:d},{recoveryBtnId:d},{stepData},{labwareName:w},{labwarePos}' -> '(?P<numField>[-+ ]?\\d+|[-+ ]?0[xX][0-9a-fA-F]+|[-+ ]?0[bB][01]+|[-+ ]?0[oO][0-7]+),(?P<mainErrField>[-+ ]?\\d+|[-+ ]?0[xX][0-9a-fA-F]+|[-+ ]?0[bB][01]+|[-+ ]?0[oO][0-7]+),(?P<slaveErr>[-+ ]?\\d+|[-+ ]?0[xX][0-9a-fA-F]+|[-+ ]?0[bB][01]+|[-+ ]?0[oO][0-7]+),(?P<recoveryBtnId>[-+ ]?\\d+|[-+ ]?0[xX][0-9a-fA-F]+|[-+ ]?0[bB][01]+|[-+ ]?0[oO][0-7]+),(?P<stepData>.+?),(?P<labwareName>\\w+),(?P<labwarePos>.+?)'
[2023-02-10 11:14:56,999] parse DEBUG format '{numField:d},{mainErrField:d},{slaveErr:d},{recoveryBtnId:d},{stepData},{labwareName:w},{labwarePos}' -> '(?P<numField>[-+ ]?\\d+|[-+ ]?0[xX][0-9a-fA-F]+|[-+ ]?0[bB][01]+|[-+ ]?0[oO][0-7]+),(?P<mainErrField>[-+ ]?\\d+|[-+ ]?0[xX][0-9a-fA-F]+|[-+ ]?0[bB][01]+|[-+ ]?0[oO][0-7]+),(?P<slaveErr>[-+ ]?\\d+|[-+ ]?0[xX][0-9a-fA-F]+|[-+ ]?0[bB][01]+|[-+ ]?0[oO][0-7]+),(?P<recoveryBtnId>[-+ ]?\\d+|[-+ ]?0[xX][0-9a-fA-F]+|[-+ ]?0[bB][01]+|[-+ ]?0[oO][0-7]+),(?P<stepData>.+?),(?P<labwareName>\\w+),(?P<labwarePos>.+?)'
[2023-02-10 11:14:57,001] parse DEBUG format '{numField:d},{mainErrField:d},{slaveErr:d},{recoveryBtnId:d},{stepData},{labwareName:w},{labwarePos}' -> '(?P<numField>[-+ ]?\\d+|[-+ ]?0[xX][0-9a-fA-F]+|[-+ ]?0[bB][01]+|[-+ ]?0[oO][0-7]+),(?P<mainErrField>[-+ ]?\\d+|[-+ ]?0[xX][0-9a-fA-F]+|[-+ ]?0[bB][01]+|[-+ ]?0[oO][0-7]+),(?P<slaveErr>[-+ ]?\\d+|[-+ ]?0[xX][0-9a-fA-F]+|[-+ ]?0[bB][01]+|[-+ ]?0[oO][0-7]+),(?P<recoveryBtnId>[-+ ]?\\d+|[-+ ]?0[xX][0-9a-fA-F]+|[-+ ]?0[bB][01]+|[-+ ]?0[oO][0-7]+),(?P<stepData>.+?),(?P<labwareName>\\w+),(?P<labwarePos>.+?)'
[2023-02-10 11:14:57,001] parse DEBUG format '{numField:d},{mainErrField:d},{slaveErr:d},{recoveryBtnId:d},{stepData},{labwareName:w},{labwarePos}' -> '(?P<numField>[-+ ]?\\d+|[-+ ]?0[xX][0-9a-fA-F]+|[-+ ]?0[bB][01]+|[-+ ]?0[oO][0-7]+),(?P<mainErrField>[-+ ]?\\d+|[-+ ]?0[xX][0-9a-fA-F]+|[-+ ]?0[bB][01]+|[-+ ]?0[oO][0-7]+),(?P<slaveErr>[-+ ]?\\d+|[-+ ]?0[xX][0-9a-fA-F]+|[-+ ]?0[bB][01]+|[-+ ]?0[oO][0-7]+),(?P<recoveryBtnId>[-+ ]?\\d+|[-+ ]?0[xX][0-9a-fA-F]+|[-+ ]?0[bB][01]+|[-+ ]?0[oO][0-7]+),(?P<stepData>.+?),(?P<labwareName>\\w+),(?P<labwarePos>.+?)'
[2023-02-10 11:14:57,001] parse DEBUG format '{numField:d},{mainErrField:d},{slaveErr:d},{recoveryBtnId:d},{stepData},{labwareName:w},{labwarePos}' -> '(?P<numField>[-+ ]?\\d+|[-+ ]?0[xX][0-9a-fA-F]+|[-+ ]?0[bB][01]+|[-+ ]?0[oO][0-7]+),(?P<mainErrField>[-+ ]?\\d+|[-+ ]?0[xX][0-9a-fA-F]+|[-+ ]?0[bB][01]+|[-+ ]?0[oO][0-7]+),(?P<slaveErr>[-+ ]?\\d+|[-+ ]?0[xX][0-9a-fA-F]+|[-+ ]?0[bB][01]+|[-+ ]?0[oO][0-7]+),(?P<recoveryBtnId>[-+ ]?\\d+|[-+ ]?0[xX][0-9a-fA-F]+|[-+ ]?0[bB][01]+|[-+ ]?0[oO][0-7]+),(?P<stepData>.+?),(?P<labwareName>\\w+),(?P<labwarePos>.+?)'
[2023-02-10 11:15:02,004] pyhamilton.interface INFO sending end run command to simulator
[2023-02-10 11:15:03,505] pyhamilton.interface ERROR HamiltonTimeoutError('Timed out after 1.5 sec while waiting for response id 0x0')
[2023-02-10 11:15:03,505] pyhamilton.interface INFO disconnected from server
[2023-02-10 11:15:03,606] pyhamilton.interface INFO server did not exit yet, sending dummy request to exit its loop
[2023-02-10 11:15:03,606] urllib3.util.retry DEBUG Converted retries value: 20 -> Retry(total=20, connect=None, read=None, redirect=None, status=None)
[2023-02-10 11:15:03,609] urllib3.connectionpool DEBUG Starting new HTTP connection (1): 127.0.0.1:3221
[2023-02-10 11:15:03,610] urllib3.connectionpool DEBUG http://127.0.0.1:3221 "GET / HTTP/1.1" 200 None
[2023-02-10 11:15:03,610] pyhamilton.interface INFO dummy get request sent to server
[2023-02-10 11:15:03,611] pyhamilton.interface INFO server thread exited
[2023-02-10 11:16:14,132] root INFO ######################################################################
[2023-02-10 11:16:14,132] root INFO #                                                                    #
[2023-02-10 11:16:14,132] root INFO #     Begin execution of C:\Users\stefa\HiG_Test\robot_method.py     #
[2023-02-10 11:16:14,132] root INFO #                                                                    #
[2023-02-10 11:16:14,132] root INFO ######################################################################
[2023-02-10 11:16:14,133] pyhamilton.interface INFO starting a Hamilton interface
[2023-02-10 11:16:14,133] pyhamilton.interface INFO started the oem application for simulation
[2023-02-10 11:16:14,133] pyhamilton.interface INFO started the server thread
[2023-02-10 11:16:14,133] root INFO initialize: synchronously initialize the robot
[2023-02-10 11:16:25,140] parse DEBUG format '{numField:d},{mainErrField:d},{slaveErr:d},{recoveryBtnId:d},{stepData},{labwareName:w},{labwarePos}' -> '(?P<numField>[-+ ]?\\d+|[-+ ]?0[xX][0-9a-fA-F]+|[-+ ]?0[bB][01]+|[-+ ]?0[oO][0-7]+),(?P<mainErrField>[-+ ]?\\d+|[-+ ]?0[xX][0-9a-fA-F]+|[-+ ]?0[bB][01]+|[-+ ]?0[oO][0-7]+),(?P<slaveErr>[-+ ]?\\d+|[-+ ]?0[xX][0-9a-fA-F]+|[-+ ]?0[bB][01]+|[-+ ]?0[oO][0-7]+),(?P<recoveryBtnId>[-+ ]?\\d+|[-+ ]?0[xX][0-9a-fA-F]+|[-+ ]?0[bB][01]+|[-+ ]?0[oO][0-7]+),(?P<stepData>.+?),(?P<labwareName>\\w+),(?P<labwarePos>.+?)'
[2023-02-10 11:16:25,142] parse DEBUG format '{numField:d},{mainErrField:d},{slaveErr:d},{recoveryBtnId:d},{stepData},{labwareName:w},{labwarePos}' -> '(?P<numField>[-+ ]?\\d+|[-+ ]?0[xX][0-9a-fA-F]+|[-+ ]?0[bB][01]+|[-+ ]?0[oO][0-7]+),(?P<mainErrField>[-+ ]?\\d+|[-+ ]?0[xX][0-9a-fA-F]+|[-+ ]?0[bB][01]+|[-+ ]?0[oO][0-7]+),(?P<slaveErr>[-+ ]?\\d+|[-+ ]?0[xX][0-9a-fA-F]+|[-+ ]?0[bB][01]+|[-+ ]?0[oO][0-7]+),(?P<recoveryBtnId>[-+ ]?\\d+|[-+ ]?0[xX][0-9a-fA-F]+|[-+ ]?0[bB][01]+|[-+ ]?0[oO][0-7]+),(?P<stepData>.+?),(?P<labwareName>\\w+),(?P<labwarePos>.+?)'
[2023-02-10 11:16:25,143] parse DEBUG format '{numField:d},{mainErrField:d},{slaveErr:d},{recoveryBtnId:d},{stepData},{labwareName:w},{labwarePos}' -> '(?P<numField>[-+ ]?\\d+|[-+ ]?0[xX][0-9a-fA-F]+|[-+ ]?0[bB][01]+|[-+ ]?0[oO][0-7]+),(?P<mainErrField>[-+ ]?\\d+|[-+ ]?0[xX][0-9a-fA-F]+|[-+ ]?0[bB][01]+|[-+ ]?0[oO][0-7]+),(?P<slaveErr>[-+ ]?\\d+|[-+ ]?0[xX][0-9a-fA-F]+|[-+ ]?0[bB][01]+|[-+ ]?0[oO][0-7]+),(?P<recoveryBtnId>[-+ ]?\\d+|[-+ ]?0[xX][0-9a-fA-F]+|[-+ ]?0[bB][01]+|[-+ ]?0[oO][0-7]+),(?P<stepData>.+?),(?P<labwareName>\\w+),(?P<labwarePos>.+?)'
[2023-02-10 11:16:25,143] parse DEBUG format '{numField:d},{mainErrField:d},{slaveErr:d},{recoveryBtnId:d},{stepData},{labwareName:w},{labwarePos}' -> '(?P<numField>[-+ ]?\\d+|[-+ ]?0[xX][0-9a-fA-F]+|[-+ ]?0[bB][01]+|[-+ ]?0[oO][0-7]+),(?P<mainErrField>[-+ ]?\\d+|[-+ ]?0[xX][0-9a-fA-F]+|[-+ ]?0[bB][01]+|[-+ ]?0[oO][0-7]+),(?P<slaveErr>[-+ ]?\\d+|[-+ ]?0[xX][0-9a-fA-F]+|[-+ ]?0[bB][01]+|[-+ ]?0[oO][0-7]+),(?P<recoveryBtnId>[-+ ]?\\d+|[-+ ]?0[xX][0-9a-fA-F]+|[-+ ]?0[bB][01]+|[-+ ]?0[oO][0-7]+),(?P<stepData>.+?),(?P<labwareName>\\w+),(?P<labwarePos>.+?)'
[2023-02-10 11:16:25,144] parse DEBUG format '{numField:d},{mainErrField:d},{slaveErr:d},{recoveryBtnId:d},{stepData},{labwareName:w},{labwarePos}' -> '(?P<numField>[-+ ]?\\d+|[-+ ]?0[xX][0-9a-fA-F]+|[-+ ]?0[bB][01]+|[-+ ]?0[oO][0-7]+),(?P<mainErrField>[-+ ]?\\d+|[-+ ]?0[xX][0-9a-fA-F]+|[-+ ]?0[bB][01]+|[-+ ]?0[oO][0-7]+),(?P<slaveErr>[-+ ]?\\d+|[-+ ]?0[xX][0-9a-fA-F]+|[-+ ]?0[bB][01]+|[-+ ]?0[oO][0-7]+),(?P<recoveryBtnId>[-+ ]?\\d+|[-+ ]?0[xX][0-9a-fA-F]+|[-+ ]?0[bB][01]+|[-+ ]?0[oO][0-7]+),(?P<stepData>.+?),(?P<labwareName>\\w+),(?P<labwarePos>.+?)'
[2023-02-10 11:16:25,144] parse DEBUG format '{numField:d},{mainErrField:d},{slaveErr:d},{recoveryBtnId:d},{stepData},{labwareName:w},{labwarePos}' -> '(?P<numField>[-+ ]?\\d+|[-+ ]?0[xX][0-9a-fA-F]+|[-+ ]?0[bB][01]+|[-+ ]?0[oO][0-7]+),(?P<mainErrField>[-+ ]?\\d+|[-+ ]?0[xX][0-9a-fA-F]+|[-+ ]?0[bB][01]+|[-+ ]?0[oO][0-7]+),(?P<slaveErr>[-+ ]?\\d+|[-+ ]?0[xX][0-9a-fA-F]+|[-+ ]?0[bB][01]+|[-+ ]?0[oO][0-7]+),(?P<recoveryBtnId>[-+ ]?\\d+|[-+ ]?0[xX][0-9a-fA-F]+|[-+ ]?0[bB][01]+|[-+ ]?0[oO][0-7]+),(?P<stepData>.+?),(?P<labwareName>\\w+),(?P<labwarePos>.+?)'
[2023-02-10 11:16:25,144] parse DEBUG format '{numField:d},{mainErrField:d},{slaveErr:d},{recoveryBtnId:d},{stepData},{labwareName:w},{labwarePos}' -> '(?P<numField>[-+ ]?\\d+|[-+ ]?0[xX][0-9a-fA-F]+|[-+ ]?0[bB][01]+|[-+ ]?0[oO][0-7]+),(?P<mainErrField>[-+ ]?\\d+|[-+ ]?0[xX][0-9a-fA-F]+|[-+ ]?0[bB][01]+|[-+ ]?0[oO][0-7]+),(?P<slaveErr>[-+ ]?\\d+|[-+ ]?0[xX][0-9a-fA-F]+|[-+ ]?0[bB][01]+|[-+ ]?0[oO][0-7]+),(?P<recoveryBtnId>[-+ ]?\\d+|[-+ ]?0[xX][0-9a-fA-F]+|[-+ ]?0[bB][01]+|[-+ ]?0[oO][0-7]+),(?P<stepData>.+?),(?P<labwareName>\\w+),(?P<labwarePos>.+?)'
[2023-02-10 11:16:25,145] parse DEBUG format '{numField:d},{mainErrField:d},{slaveErr:d},{recoveryBtnId:d},{stepData},{labwareName:w},{labwarePos}' -> '(?P<numField>[-+ ]?\\d+|[-+ ]?0[xX][0-9a-fA-F]+|[-+ ]?0[bB][01]+|[-+ ]?0[oO][0-7]+),(?P<mainErrField>[-+ ]?\\d+|[-+ ]?0[xX][0-9a-fA-F]+|[-+ ]?0[bB][01]+|[-+ ]?0[oO][0-7]+),(?P<slaveErr>[-+ ]?\\d+|[-+ ]?0[xX][0-9a-fA-F]+|[-+ ]?0[bB][01]+|[-+ ]?0[oO][0-7]+),(?P<recoveryBtnId>[-+ ]?\\d+|[-+ ]?0[xX][0-9a-fA-F]+|[-+ ]?0[bB][01]+|[-+ ]?0[oO][0-7]+),(?P<stepData>.+?),(?P<labwareName>\\w+),(?P<labwarePos>.+?)'
[2023-02-10 11:16:32,149] pyhamilton.interface INFO sending end run command to simulator
[2023-02-10 11:16:33,651] pyhamilton.interface ERROR HamiltonTimeoutError('Timed out after 1.5 sec while waiting for response id 0x0')
[2023-02-10 11:16:33,651] pyhamilton.interface INFO disconnected from server
[2023-02-10 11:16:33,752] pyhamilton.interface INFO server did not exit yet, sending dummy request to exit its loop
[2023-02-10 11:16:33,752] urllib3.util.retry DEBUG Converted retries value: 20 -> Retry(total=20, connect=None, read=None, redirect=None, status=None)
[2023-02-10 11:16:33,765] urllib3.connectionpool DEBUG Starting new HTTP connection (1): 127.0.0.1:3221
[2023-02-10 11:16:33,766] urllib3.connectionpool DEBUG http://127.0.0.1:3221 "GET / HTTP/1.1" 200 None
[2023-02-10 11:16:33,768] pyhamilton.interface INFO dummy get request sent to server
[2023-02-10 11:16:33,768] pyhamilton.interface INFO server thread exited
[2023-02-10 11:16:33,769] root ERROR Traceback (most recent call last):
[2023-02-10 11:16:33,770] root ERROR   File "C:\Users\stefa\HiG_Test\robot_method.py", line 32, in <module>
[2023-02-10 11:16:33,770] root ERROR hig_disconnect(ham_int)
[2023-02-10 11:16:33,772] root ERROR   File "c:\users\stefa\pyhamilton\pyhamilton\hig_wrappers.py", line 30, in hig_disconnect
[2023-02-10 11:16:33,772] root ERROR result = response.return_data[0]
[2023-02-10 11:16:33,774] root ERROR ~
[2023-02-10 11:16:33,774] root ERROR ~
[2023-02-10 11:16:33,774] root ERROR ~
[2023-02-10 11:16:33,774] root ERROR ~
[2023-02-10 11:16:33,774] root ERROR ~
[2023-02-10 11:16:33,774] root ERROR ~
[2023-02-10 11:16:33,774] root ERROR ~
[2023-02-10 11:16:33,774] root ERROR ~
[2023-02-10 11:16:33,774] root ERROR ~
[2023-02-10 11:16:33,775] root ERROR ~
[2023-02-10 11:16:33,775] root ERROR ~
[2023-02-10 11:16:33,775] root ERROR ~
[2023-02-10 11:16:33,775] root ERROR ~
[2023-02-10 11:16:33,775] root ERROR ~
[2023-02-10 11:16:33,775] root ERROR ~
[2023-02-10 11:16:33,775] root ERROR ~
[2023-02-10 11:16:33,775] root ERROR ~
[2023-02-10 11:16:33,775] root ERROR ~
[2023-02-10 11:16:33,775] root ERROR ~
[2023-02-10 11:16:33,775] root ERROR ~
[2023-02-10 11:16:33,776] root ERROR ^
[2023-02-10 11:16:33,776] root ERROR ^
[2023-02-10 11:16:33,776] root ERROR ^
[2023-02-10 11:16:33,777] root ERROR IndexError
[2023-02-10 11:16:33,777] root ERROR : 
[2023-02-10 11:16:33,777] root ERROR list index out of range
[2023-02-10 11:17:09,282] root INFO ######################################################################
[2023-02-10 11:17:09,282] root INFO #                                                                    #
[2023-02-10 11:17:09,282] root INFO #     Begin execution of C:\Users\stefa\HiG_Test\robot_method.py     #
[2023-02-10 11:17:09,282] root INFO #                                                                    #
[2023-02-10 11:17:09,282] root INFO ######################################################################
[2023-02-10 11:17:09,283] pyhamilton.interface INFO starting a Hamilton interface
[2023-02-10 11:17:09,283] pyhamilton.interface INFO started the oem application for simulation
[2023-02-10 11:17:09,283] pyhamilton.interface INFO started the server thread
[2023-02-10 11:17:09,283] root INFO initialize: synchronously initialize the robot
[2023-02-10 11:17:21,290] parse DEBUG format '{numField:d},{mainErrField:d},{slaveErr:d},{recoveryBtnId:d},{stepData},{labwareName:w},{labwarePos}' -> '(?P<numField>[-+ ]?\\d+|[-+ ]?0[xX][0-9a-fA-F]+|[-+ ]?0[bB][01]+|[-+ ]?0[oO][0-7]+),(?P<mainErrField>[-+ ]?\\d+|[-+ ]?0[xX][0-9a-fA-F]+|[-+ ]?0[bB][01]+|[-+ ]?0[oO][0-7]+),(?P<slaveErr>[-+ ]?\\d+|[-+ ]?0[xX][0-9a-fA-F]+|[-+ ]?0[bB][01]+|[-+ ]?0[oO][0-7]+),(?P<recoveryBtnId>[-+ ]?\\d+|[-+ ]?0[xX][0-9a-fA-F]+|[-+ ]?0[bB][01]+|[-+ ]?0[oO][0-7]+),(?P<stepData>.+?),(?P<labwareName>\\w+),(?P<labwarePos>.+?)'
[2023-02-10 11:17:21,291] parse DEBUG format '{numField:d},{mainErrField:d},{slaveErr:d},{recoveryBtnId:d},{stepData},{labwareName:w},{labwarePos}' -> '(?P<numField>[-+ ]?\\d+|[-+ ]?0[xX][0-9a-fA-F]+|[-+ ]?0[bB][01]+|[-+ ]?0[oO][0-7]+),(?P<mainErrField>[-+ ]?\\d+|[-+ ]?0[xX][0-9a-fA-F]+|[-+ ]?0[bB][01]+|[-+ ]?0[oO][0-7]+),(?P<slaveErr>[-+ ]?\\d+|[-+ ]?0[xX][0-9a-fA-F]+|[-+ ]?0[bB][01]+|[-+ ]?0[oO][0-7]+),(?P<recoveryBtnId>[-+ ]?\\d+|[-+ ]?0[xX][0-9a-fA-F]+|[-+ ]?0[bB][01]+|[-+ ]?0[oO][0-7]+),(?P<stepData>.+?),(?P<labwareName>\\w+),(?P<labwarePos>.+?)'
[2023-02-10 11:17:21,291] parse DEBUG format '{numField:d},{mainErrField:d},{slaveErr:d},{recoveryBtnId:d},{stepData},{labwareName:w},{labwarePos}' -> '(?P<numField>[-+ ]?\\d+|[-+ ]?0[xX][0-9a-fA-F]+|[-+ ]?0[bB][01]+|[-+ ]?0[oO][0-7]+),(?P<mainErrField>[-+ ]?\\d+|[-+ ]?0[xX][0-9a-fA-F]+|[-+ ]?0[bB][01]+|[-+ ]?0[oO][0-7]+),(?P<slaveErr>[-+ ]?\\d+|[-+ ]?0[xX][0-9a-fA-F]+|[-+ ]?0[bB][01]+|[-+ ]?0[oO][0-7]+),(?P<recoveryBtnId>[-+ ]?\\d+|[-+ ]?0[xX][0-9a-fA-F]+|[-+ ]?0[bB][01]+|[-+ ]?0[oO][0-7]+),(?P<stepData>.+?),(?P<labwareName>\\w+),(?P<labwarePos>.+?)'
[2023-02-10 11:17:21,291] parse DEBUG format '{numField:d},{mainErrField:d},{slaveErr:d},{recoveryBtnId:d},{stepData},{labwareName:w},{labwarePos}' -> '(?P<numField>[-+ ]?\\d+|[-+ ]?0[xX][0-9a-fA-F]+|[-+ ]?0[bB][01]+|[-+ ]?0[oO][0-7]+),(?P<mainErrField>[-+ ]?\\d+|[-+ ]?0[xX][0-9a-fA-F]+|[-+ ]?0[bB][01]+|[-+ ]?0[oO][0-7]+),(?P<slaveErr>[-+ ]?\\d+|[-+ ]?0[xX][0-9a-fA-F]+|[-+ ]?0[bB][01]+|[-+ ]?0[oO][0-7]+),(?P<recoveryBtnId>[-+ ]?\\d+|[-+ ]?0[xX][0-9a-fA-F]+|[-+ ]?0[bB][01]+|[-+ ]?0[oO][0-7]+),(?P<stepData>.+?),(?P<labwareName>\\w+),(?P<labwarePos>.+?)'
[2023-02-10 11:17:21,291] parse DEBUG format '{numField:d},{mainErrField:d},{slaveErr:d},{recoveryBtnId:d},{stepData},{labwareName:w},{labwarePos}' -> '(?P<numField>[-+ ]?\\d+|[-+ ]?0[xX][0-9a-fA-F]+|[-+ ]?0[bB][01]+|[-+ ]?0[oO][0-7]+),(?P<mainErrField>[-+ ]?\\d+|[-+ ]?0[xX][0-9a-fA-F]+|[-+ ]?0[bB][01]+|[-+ ]?0[oO][0-7]+),(?P<slaveErr>[-+ ]?\\d+|[-+ ]?0[xX][0-9a-fA-F]+|[-+ ]?0[bB][01]+|[-+ ]?0[oO][0-7]+),(?P<recoveryBtnId>[-+ ]?\\d+|[-+ ]?0[xX][0-9a-fA-F]+|[-+ ]?0[bB][01]+|[-+ ]?0[oO][0-7]+),(?P<stepData>.+?),(?P<labwareName>\\w+),(?P<labwarePos>.+?)'
[2023-02-10 11:17:21,292] parse DEBUG format '{numField:d},{mainErrField:d},{slaveErr:d},{recoveryBtnId:d},{stepData},{labwareName:w},{labwarePos}' -> '(?P<numField>[-+ ]?\\d+|[-+ ]?0[xX][0-9a-fA-F]+|[-+ ]?0[bB][01]+|[-+ ]?0[oO][0-7]+),(?P<mainErrField>[-+ ]?\\d+|[-+ ]?0[xX][0-9a-fA-F]+|[-+ ]?0[bB][01]+|[-+ ]?0[oO][0-7]+),(?P<slaveErr>[-+ ]?\\d+|[-+ ]?0[xX][0-9a-fA-F]+|[-+ ]?0[bB][01]+|[-+ ]?0[oO][0-7]+),(?P<recoveryBtnId>[-+ ]?\\d+|[-+ ]?0[xX][0-9a-fA-F]+|[-+ ]?0[bB][01]+|[-+ ]?0[oO][0-7]+),(?P<stepData>.+?),(?P<labwareName>\\w+),(?P<labwarePos>.+?)'
[2023-02-10 11:17:21,292] parse DEBUG format '{numField:d},{mainErrField:d},{slaveErr:d},{recoveryBtnId:d},{stepData},{labwareName:w},{labwarePos}' -> '(?P<numField>[-+ ]?\\d+|[-+ ]?0[xX][0-9a-fA-F]+|[-+ ]?0[bB][01]+|[-+ ]?0[oO][0-7]+),(?P<mainErrField>[-+ ]?\\d+|[-+ ]?0[xX][0-9a-fA-F]+|[-+ ]?0[bB][01]+|[-+ ]?0[oO][0-7]+),(?P<slaveErr>[-+ ]?\\d+|[-+ ]?0[xX][0-9a-fA-F]+|[-+ ]?0[bB][01]+|[-+ ]?0[oO][0-7]+),(?P<recoveryBtnId>[-+ ]?\\d+|[-+ ]?0[xX][0-9a-fA-F]+|[-+ ]?0[bB][01]+|[-+ ]?0[oO][0-7]+),(?P<stepData>.+?),(?P<labwareName>\\w+),(?P<labwarePos>.+?)'
[2023-02-10 11:17:21,292] parse DEBUG format '{numField:d},{mainErrField:d},{slaveErr:d},{recoveryBtnId:d},{stepData},{labwareName:w},{labwarePos}' -> '(?P<numField>[-+ ]?\\d+|[-+ ]?0[xX][0-9a-fA-F]+|[-+ ]?0[bB][01]+|[-+ ]?0[oO][0-7]+),(?P<mainErrField>[-+ ]?\\d+|[-+ ]?0[xX][0-9a-fA-F]+|[-+ ]?0[bB][01]+|[-+ ]?0[oO][0-7]+),(?P<slaveErr>[-+ ]?\\d+|[-+ ]?0[xX][0-9a-fA-F]+|[-+ ]?0[bB][01]+|[-+ ]?0[oO][0-7]+),(?P<recoveryBtnId>[-+ ]?\\d+|[-+ ]?0[xX][0-9a-fA-F]+|[-+ ]?0[bB][01]+|[-+ ]?0[oO][0-7]+),(?P<stepData>.+?),(?P<labwareName>\\w+),(?P<labwarePos>.+?)'
[2023-02-10 11:17:30,300] pyhamilton.interface INFO sending end run command to simulator
[2023-02-10 11:17:31,801] pyhamilton.interface ERROR HamiltonTimeoutError('Timed out after 1.5 sec while waiting for response id 0x0')
[2023-02-10 11:17:31,801] pyhamilton.interface INFO disconnected from server
[2023-02-10 11:17:31,903] pyhamilton.interface INFO server did not exit yet, sending dummy request to exit its loop
[2023-02-10 11:17:31,904] urllib3.util.retry DEBUG Converted retries value: 20 -> Retry(total=20, connect=None, read=None, redirect=None, status=None)
[2023-02-10 11:17:31,910] urllib3.connectionpool DEBUG Starting new HTTP connection (1): 127.0.0.1:3221
[2023-02-10 11:17:31,912] urllib3.connectionpool DEBUG http://127.0.0.1:3221 "GET / HTTP/1.1" 200 None
[2023-02-10 11:17:31,913] pyhamilton.interface INFO dummy get request sent to server
[2023-02-10 11:17:31,913] pyhamilton.interface INFO server thread exited
